* using log directory ‘/Users/josephus/Downloads/regreplaceR/regreplaceR.Rcheck’
* using R version 4.3.3 (2024-02-29)
* using platform: aarch64-apple-darwin20 (64-bit)
* R was compiled by
    Apple clang version 14.0.0 (clang-1400.0.29.202)
    GNU Fortran (GCC) 12.2.0
* running under: macOS Sonoma 14.6.1
* using session charset: UTF-8
* using option ‘--as-cran’
* checking for file ‘regreplaceR/DESCRIPTION’ ... OK
* this is package ‘regreplaceR’ version ‘0.1.0’
* package encoding: UTF-8
* checking CRAN incoming feasibility ... [2s/12s] NOTE
Maintainer: ‘Gwang-Jin Kim <gwang.jin.kim.phd@gmail.com>’

New submission
* checking package namespace information ... OK
* checking package dependencies ... OK
* checking if this is a source package ... OK
* checking if there is a namespace ... OK
* checking for executable files ... OK
* checking for hidden files and directories ... OK
* checking for portable file names ... OK
* checking for sufficient/correct file permissions ... OK
* checking serialization versions ... OK
* checking whether package ‘regreplaceR’ can be installed ... OK
* checking installed package size ... OK
* checking package directory ... OK
* checking for future file timestamps ... OK
* checking ‘build’ directory ... OK
* checking DESCRIPTION meta-information ... OK
* checking top-level files ... OK
* checking for left-over files ... OK
* checking index information ... OK
* checking package subdirectories ... OK
* checking R files for non-ASCII characters ... OK
* checking R files for syntax errors ... OK
* checking whether the package can be loaded ... OK
* checking whether the package can be loaded with stated dependencies ... OK
* checking whether the package can be unloaded cleanly ... OK
* checking whether the namespace can be loaded with stated dependencies ... OK
* checking whether the namespace can be unloaded cleanly ... OK
* checking loading without being on the library search path ... OK
* checking use of S3 registration ... OK
* checking dependencies in R code ... OK
* checking S3 generic/method consistency ... OK
* checking replacement functions ... OK
* checking foreign function calls ... OK
* checking R code for possible problems ... OK
* checking Rd files ... OK
* checking Rd metadata ... OK
* checking Rd line widths ... OK
* checking Rd cross-references ... OK
* checking for missing documentation entries ... OK
* checking for code/documentation mismatches ... OK
* checking Rd \usage sections ... OK
* checking Rd contents ... OK
* checking for unstated dependencies in examples ... OK
* checking installed files from ‘inst/doc’ ... OK
* checking files in ‘vignettes’ ... OK
* checking examples ... OK
* checking for unstated dependencies in vignettes ... OK
* checking package vignettes in ‘inst/doc’ ... OK
* checking re-building of vignette outputs ... OK
* checking PDF version of manual ... OK
* checking HTML version of manual ... NOTE
Found the following HTML validation problems:
Replacer.html:4:1 (Replacer.Rd:5): Warning: <link> inserting "type" attribute
Replacer.html:12:1 (Replacer.Rd:5): Warning: <script> proprietary attribute "onload"
Replacer.html:12:1 (Replacer.Rd:5): Warning: <script> inserting "type" attribute
Replacer.html:17:1 (Replacer.Rd:5): Warning: <table> lacks "summary" attribute
groups.html:4:1 (groups.Rd:5): Warning: <link> inserting "type" attribute
groups.html:12:1 (groups.Rd:5): Warning: <script> proprietary attribute "onload"
groups.html:12:1 (groups.Rd:5): Warning: <script> inserting "type" attribute
groups.html:17:1 (groups.Rd:5): Warning: <table> lacks "summary" attribute
groups.html:36:1 (groups.Rd:10): Warning: <table> lacks "summary" attribute
match_group.html:4:1 (match_group.Rd:5): Warning: <link> inserting "type" attribute
match_group.html:12:1 (match_group.Rd:5): Warning: <script> proprietary attribute "onload"
match_group.html:12:1 (match_group.Rd:5): Warning: <script> inserting "type" attribute
match_group.html:17:1 (match_group.Rd:5): Warning: <table> lacks "summary" attribute
match_group.html:35:1 (match_group.Rd:10): Warning: <table> lacks "summary" attribute
replace_group.html:4:1 (replace_group.Rd:5): Warning: <link> inserting "type" attribute
replace_group.html:12:1 (replace_group.Rd:5): Warning: <script> proprietary attribute "onload"
replace_group.html:12:1 (replace_group.Rd:5): Warning: <script> inserting "type" attribute
replace_group.html:17:1 (replace_group.Rd:5): Warning: <table> lacks "summary" attribute
replace_group.html:35:1 (replace_group.Rd:10): Warning: <table> lacks "summary" attribute
* checking for non-standard things in the check directory ... OK
* checking for detritus in the temp directory ... OK
* DONE
Status: 2 NOTEs
